mode: set
leetcode/ArrayAndString/Add-Binary/main.go:5.36,8.21 2 1
leetcode/ArrayAndString/Add-Binary/main.go:11.2,13.26 3 1
leetcode/ArrayAndString/Add-Binary/main.go:57.2,57.28 1 1
leetcode/ArrayAndString/Add-Binary/main.go:61.2,61.23 1 1
leetcode/ArrayAndString/Add-Binary/main.go:8.21,10.3 1 1
leetcode/ArrayAndString/Add-Binary/main.go:13.26,17.14 3 1
leetcode/ArrayAndString/Add-Binary/main.go:21.3,22.14 2 1
leetcode/ArrayAndString/Add-Binary/main.go:26.3,27.11 2 1
leetcode/ArrayAndString/Add-Binary/main.go:31.3,31.21 1 1
leetcode/ArrayAndString/Add-Binary/main.go:35.3,35.21 1 1
leetcode/ArrayAndString/Add-Binary/main.go:39.3,39.14 1 1
leetcode/ArrayAndString/Add-Binary/main.go:17.14,19.4 1 1
leetcode/ArrayAndString/Add-Binary/main.go:22.14,24.4 1 1
leetcode/ArrayAndString/Add-Binary/main.go:27.11,29.4 1 1
leetcode/ArrayAndString/Add-Binary/main.go:31.21,33.4 1 1
leetcode/ArrayAndString/Add-Binary/main.go:35.21,37.4 1 1
leetcode/ArrayAndString/Add-Binary/main.go:40.10,42.16 2 1
leetcode/ArrayAndString/Add-Binary/main.go:43.10,45.16 2 1
leetcode/ArrayAndString/Add-Binary/main.go:46.10,48.15 2 1
leetcode/ArrayAndString/Add-Binary/main.go:49.10,51.15 2 1
leetcode/ArrayAndString/Add-Binary/main.go:57.28,59.3 1 1
