mode: set
leetcode/ArrayAndString/Diagonal-Traverse/main.go:5.46,10.45 4 1
leetcode/ArrayAndString/Diagonal-Traverse/main.go:13.2,15.21 2 1
leetcode/ArrayAndString/Diagonal-Traverse/main.go:51.2,51.15 1 1
leetcode/ArrayAndString/Diagonal-Traverse/main.go:10.45,12.3 1 1
leetcode/ArrayAndString/Diagonal-Traverse/main.go:15.21,17.11 2 1
leetcode/ArrayAndString/Diagonal-Traverse/main.go:17.11,19.27 1 1
leetcode/ArrayAndString/Diagonal-Traverse/main.go:23.4,23.16 1 1
leetcode/ArrayAndString/Diagonal-Traverse/main.go:19.27,21.5 1 1
leetcode/ArrayAndString/Diagonal-Traverse/main.go:23.16,25.5 1 1
leetcode/ArrayAndString/Diagonal-Traverse/main.go:25.5,25.21 1 1
leetcode/ArrayAndString/Diagonal-Traverse/main.go:25.21,27.5 1 1
leetcode/ArrayAndString/Diagonal-Traverse/main.go:27.5,30.5 2 1
leetcode/ArrayAndString/Diagonal-Traverse/main.go:32.4,34.27 1 1
leetcode/ArrayAndString/Diagonal-Traverse/main.go:38.4,38.16 1 1
leetcode/ArrayAndString/Diagonal-Traverse/main.go:34.27,36.5 1 1
leetcode/ArrayAndString/Diagonal-Traverse/main.go:38.16,40.5 1 1
leetcode/ArrayAndString/Diagonal-Traverse/main.go:40.5,40.21 1 1
leetcode/ArrayAndString/Diagonal-Traverse/main.go:40.21,42.5 1 1
leetcode/ArrayAndString/Diagonal-Traverse/main.go:42.5,45.5 2 1
